This is pdfTeX, Version 3.14159265-2.6-1.40.19 (MiKTeX 2.9.6880 64-bit) (preloaded format=pdflatex 2018.11.28)  26 APR 2019 20:15
entering extended mode
**C:/Users/NikitaSkybytskyi/Desktop/mph/lectures/5.tex
(C:/Users/NikitaSkybytskyi/Desktop/mph/lectures/5.tex
LaTeX2e <2018-04-01> patch level 5
! Undefined control sequence.
l.24 \subsubsection
                   {–î–æ–¥–∞—Ç–Ω—å–æ –≤–∏–∑–Ω–∞—á–µ–Ω—ñ —è–¥—Ä–∞}
The control sequence at the end of the top line
of your error message was never \def'ed. If you have
misspelled it (e.g., `\hobx'), type `I' and the correct
spelling (e.g., `I\hbox'). Otherwise just continue,
and I'll forget about whatever was undefined.


! Package inputenc Error: Unicode character –î (U+414)
(inputenc)                not set up for use with LaTeX.

See the inputenc package documentation for explanation.
Type  H <return>  for immediate help.
 ...                                              
                                                  
l.24 \subsubsection{–î
                      –æ–¥–∞—Ç–Ω—å–æ –≤–∏–∑–Ω–∞—á–µ–Ω—ñ —è–¥—Ä–∞}
You may provide a definition with
\DeclareUnicodeCharacter 


! Package inputenc Error: Unicode character –æ (U+43E)
(inputenc)                not set up for use with LaTeX.

See the inputenc package documentation for explanation.
Type  H <return>  for immediate help.
 ...                                              
                                                  
l.24 \subsubsection{–î–æ
                        –¥–∞—Ç–Ω—å–æ –≤–∏–∑–Ω–∞—á–µ–Ω—ñ —è–¥—Ä–∞}
You may provide a definition with
\DeclareUnicodeCharacter 


! Package inputenc Error: Unicode character –¥ (U+434)
(inputenc)                not set up for use with LaTeX.

See the inputenc package documentation for explanation.
Type  H <return>  for immediate help.
 ...                                              
                                                  
l.24 \subsubsection{–î–æ–¥
                          –∞—Ç–Ω—å–æ –≤–∏–∑–Ω–∞—á–µ–Ω—ñ —è–¥—Ä–∞}
You may provide a definition with
\DeclareUnicodeCharacter 


! Package inputenc Error: Unicode character –∞ (U+430)
(inputenc)                not set up for use with LaTeX.

See the inputenc package documentation for explanation.
Type  H <return>  for immediate help.
 ...                                              
                                                  
l.24 \subsubsection{–î–æ–¥–∞
                            —Ç–Ω—å–æ –≤–∏–∑–Ω–∞—á–µ–Ω—ñ —è–¥—Ä–∞}
You may provide a definition with
\DeclareUnicodeCharacter 


! Package inputenc Error: Unicode character —Ç (U+442)
(inputenc)                not set up for use with LaTeX.

See the inputenc package documentation for explanation.
Type  H <return>  for immediate help.
 ...                                              
                                                  
l.24 \subsubsection{–î–æ–¥–∞—Ç
                              –Ω—å–æ –≤–∏–∑–Ω–∞—á–µ–Ω—ñ —è–¥—Ä–∞}
You may provide a definition with
\DeclareUnicodeCharacter 


! Package inputenc Error: Unicode character –Ω (U+43D)
(inputenc)                not set up for use with LaTeX.

See the inputenc package documentation for explanation.
Type  H <return>  for immediate help.
 ...                                              
                                                  
l.24 \subsubsection{–î–æ–¥–∞—Ç–Ω
                                —å–æ –≤–∏–∑–Ω–∞—á–µ–Ω—ñ —è–¥—Ä–∞}
You may provide a definition with
\DeclareUnicodeCharacter 


! Package inputenc Error: Unicode character —å (U+44C)
(inputenc)                not set up for use with LaTeX.

See the inputenc package documentation for explanation.
Type  H <return>  for immediate help.
 ...                                              
                                                  
l.24 \subsubsection{–î–æ–¥–∞—Ç–Ω—å
                                  –æ –≤–∏–∑–Ω–∞—á–µ–Ω—ñ —è–¥—Ä–∞}
You may provide a definition with
\DeclareUnicodeCharacter 


! Package inputenc Error: Unicode character –æ (U+43E)
(inputenc)                not set up for use with LaTeX.

See the inputenc package documentation for explanation.
Type  H <return>  for immediate help.
 ...                                              
                                                  
l.24 \subsubsection{–î–æ–¥–∞—Ç–Ω—å–æ
                                     –≤–∏–∑–Ω–∞—á–µ–Ω—ñ —è–¥—Ä–∞}
You may provide a definition with
\DeclareUnicodeCharacter 


! Package inputenc Error: Unicode character –≤ (U+432)
(inputenc)                not set up for use with LaTeX.

See the inputenc package documentation for explanation.
Type  H <return>  for immediate help.
 ...                                              
                                                  
l.24 \subsubsection{–î–æ–¥–∞—Ç–Ω—å–æ –≤
                                       –∏–∑–Ω–∞—á–µ–Ω—ñ —è–¥—Ä–∞}
You may provide a definition with
\DeclareUnicodeCharacter 


! Package inputenc Error: Unicode character –∏ (U+438)
(inputenc)                not set up for use with LaTeX.

See the inputenc package documentation for explanation.
Type  H <return>  for immediate help.
 ...                                              
                                                  
l.24 \subsubsection{–î–æ–¥–∞—Ç–Ω—å–æ –≤–∏
                                         –∑–Ω–∞—á–µ–Ω—ñ —è–¥—Ä–∞}
You may provide a definition with
\DeclareUnicodeCharacter 


! Package inputenc Error: Unicode character –∑ (U+437)
(inputenc)                not set up for use with LaTeX.

See the inputenc package documentation for explanation.
Type  H <return>  for immediate help.
 ...                                              
                                                  
l.24 \subsubsection{–î–æ–¥–∞—Ç–Ω—å–æ –≤–∏–∑
                                           –Ω–∞—á–µ–Ω—ñ —è–¥—Ä–∞}
You may provide a definition with
\DeclareUnicodeCharacter 


! Package inputenc Error: Unicode character –Ω (U+43D)
(inputenc)                not set up for use with LaTeX.

See the inputenc package documentation for explanation.
Type  H <return>  for immediate help.
 ...                                              
                                                  
l.24 \subsubsection{–î–æ–¥–∞—Ç–Ω—å–æ –≤–∏–∑–Ω
                                             –∞—á–µ–Ω—ñ —è–¥—Ä–∞}
You may provide a definition with
\DeclareUnicodeCharacter 


! Package inputenc Error: Unicode character –∞ (U+430)
(inputenc)                not set up for use with LaTeX.

See the inputenc package documentation for explanation.
Type  H <return>  for immediate help.
 ...                                              
                                                  
l.24 \subsubsection{–î–æ–¥–∞—Ç–Ω—å–æ –≤–∏–∑–Ω–∞
                                               —á–µ–Ω—ñ —è–¥—Ä–∞}
You may provide a definition with
\DeclareUnicodeCharacter 


! Package inputenc Error: Unicode character —á (U+447)
(inputenc)                not set up for use with LaTeX.

See the inputenc package documentation for explanation.
Type  H <return>  for immediate help.
 ...                                              
                                                  
l.24 \subsubsection{–î–æ–¥–∞—Ç–Ω—å–æ –≤–∏–∑–Ω–∞—á
                                                 –µ–Ω—ñ —è–¥—Ä–∞}
You may provide a definition with
\DeclareUnicodeCharacter 


! Package inputenc Error: Unicode character –µ (U+435)
(inputenc)                not set up for use with LaTeX.

See the inputenc package documentation for explanation.
Type  H <return>  for immediate help.
 ...                                              
                                                  
l.24 ...subsection{–î–æ–¥–∞—Ç–Ω—å–æ –≤–∏–∑–Ω–∞—á–µ
                                                  –Ω—ñ —è–¥—Ä–∞}
You may provide a definition with
\DeclareUnicodeCharacter 


! Package inputenc Error: Unicode character –Ω (U+43D)
(inputenc)                not set up for use with LaTeX.

See the inputenc package documentation for explanation.
Type  H <return>  for immediate help.
 ...                                              
                                                  
l.24 ...bsection{–î–æ–¥–∞—Ç–Ω—å–æ –≤–∏–∑–Ω–∞—á–µ–Ω
                                                  —ñ —è–¥—Ä–∞}
You may provide a definition with
\DeclareUnicodeCharacter 


! Package inputenc Error: Unicode character —ñ (U+456)
(inputenc)                not set up for use with LaTeX.

See the inputenc package documentation for explanation.
Type  H <return>  for immediate help.
 ...                                              
                                                  
l.24 ...ection{–î–æ–¥–∞—Ç–Ω—å–æ –≤–∏–∑–Ω–∞—á–µ–Ω—ñ
                                                   —è–¥—Ä–∞}
You may provide a definition with
\DeclareUnicodeCharacter 


! Package inputenc Error: Unicode character —è (U+44F)
(inputenc)                not set up for use with LaTeX.

See the inputenc package documentation for explanation.
Type  H <return>  for immediate help.
 ...                                              
                                                  
l.24 ...ion{–î–æ–¥–∞—Ç–Ω—å–æ –≤–∏–∑–Ω–∞—á–µ–Ω—ñ —è
                                                  –¥—Ä–∞}
You may provide a definition with
\DeclareUnicodeCharacter 


! Package inputenc Error: Unicode character –¥ (U+434)
(inputenc)                not set up for use with LaTeX.

See the inputenc package documentation for explanation.
Type  H <return>  for immediate help.
 ...                                              
                                                  
l.24 ...n{–î–æ–¥–∞—Ç–Ω—å–æ –≤–∏–∑–Ω–∞—á–µ–Ω—ñ —è–¥
                                                  —Ä–∞}
You may provide a definition with
\DeclareUnicodeCharacter 


! Package inputenc Error: Unicode character —Ä (U+440)
(inputenc)                not set up for use with LaTeX.

See the inputenc package documentation for explanation.
Type  H <return>  for immediate help.
 ...                                              
                                                  
l.24 ...–î–æ–¥–∞—Ç–Ω—å–æ –≤–∏–∑–Ω–∞—á–µ–Ω—ñ —è–¥—Ä
                                                  –∞}
You may provide a definition with
\DeclareUnicodeCharacter 


! Package inputenc Error: Unicode character –∞ (U+430)
(inputenc)                not set up for use with LaTeX.

See the inputenc package documentation for explanation.
Type  H <return>  for immediate help.
 ...                                              
                                                  
l.24 ...–æ–¥–∞—Ç–Ω—å–æ –≤–∏–∑–Ω–∞—á–µ–Ω—ñ —è–¥—Ä–∞
                                                  }
You may provide a definition with
\DeclareUnicodeCharacter 


! LaTeX Error: Environment definition undefined.

See the LaTeX manual or LaTeX Companion for explanation.
Type  H <return>  for immediate help.
 ...                                              
                                                  
l.26 \begin{definition}
                       [–¥–æ–¥–∞—Ç–Ω–æ-–≤–∏–∑–Ω–∞—á–µ–Ω–æ–≥–æ —è–¥—Ä–∞]
Your command was ignored.
Type  I <command> <return>  to replace it with another command,
or  <return>  to continue without it.


! LaTeX Error: Missing \begin{document}.

See the LaTeX manual or LaTeX Companion for explanation.
Type  H <return>  for immediate help.
 ...                                              
                                                  
l.26 \begin{definition}[
                        –¥–æ–¥–∞—Ç–Ω–æ-–≤–∏–∑–Ω–∞—á–µ–Ω–æ–≥–æ —è–¥—Ä–∞]
You're in trouble here.  Try typing  <return>  to proceed.
If that doesn't work, type  X <return>  to quit.

Missing character: There is no [ in font nullfont!

! Package inputenc Error: Unicode character –¥ (U+434)
(inputenc)                not set up for use with LaTeX.

See the inputenc package documentation for explanation.
Type  H <return>  for immediate help.
 ...                                              
                                                  
l.26 \begin{definition}[–¥
                          –æ–¥–∞—Ç–Ω–æ-–≤–∏–∑–Ω–∞—á–µ–Ω–æ–≥–æ —è–¥—Ä–∞]
You may provide a definition with
\DeclareUnicodeCharacter 


! Package inputenc Error: Unicode character –æ (U+43E)
(inputenc)                not set up for use with LaTeX.

See the inputenc package documentation for explanation.
Type  H <return>  for immediate help.
 ...                                              
                                                  
l.26 \begin{definition}[–¥–æ
                            –¥–∞—Ç–Ω–æ-–≤–∏–∑–Ω–∞—á–µ–Ω–æ–≥–æ —è–¥—Ä–∞]
You may provide a definition with
\DeclareUnicodeCharacter 


! Package inputenc Error: Unicode character –¥ (U+434)
(inputenc)                not set up for use with LaTeX.

See the inputenc package documentation for explanation.
Type  H <return>  for immediate help.
 ...                                              
                                                  
l.26 \begin{definition}[–¥–æ–¥
                              –∞—Ç–Ω–æ-–≤–∏–∑–Ω–∞—á–µ–Ω–æ–≥–æ —è–¥—Ä–∞]
You may provide a definition with
\DeclareUnicodeCharacter 


! Package inputenc Error: Unicode character –∞ (U+430)
(inputenc)                not set up for use with LaTeX.

See the inputenc package documentation for explanation.
Type  H <return>  for immediate help.
 ...                                              
                                                  
l.26 \begin{definition}[–¥–æ–¥–∞
                                —Ç–Ω–æ-–≤–∏–∑–Ω–∞—á–µ–Ω–æ–≥–æ —è–¥—Ä–∞]
You may provide a definition with
\DeclareUnicodeCharacter 


! Package inputenc Error: Unicode character —Ç (U+442)
(inputenc)                not set up for use with LaTeX.

See the inputenc package documentation for explanation.
Type  H <return>  for immediate help.
 ...                                              
                                                  
l.26 \begin{definition}[–¥–æ–¥–∞—Ç
                                  –Ω–æ-–≤–∏–∑–Ω–∞—á–µ–Ω–æ–≥–æ —è–¥—Ä–∞]
You may provide a definition with
\DeclareUnicodeCharacter 


! Package inputenc Error: Unicode character –Ω (U+43D)
(inputenc)                not set up for use with LaTeX.

See the inputenc package documentation for explanation.
Type  H <return>  for immediate help.
 ...                                              
                                                  
l.26 \begin{definition}[–¥–æ–¥–∞—Ç–Ω
                                    –æ-–≤–∏–∑–Ω–∞—á–µ–Ω–æ–≥–æ —è–¥—Ä–∞]
You may provide a definition with
\DeclareUnicodeCharacter 


! Package inputenc Error: Unicode character –æ (U+43E)
(inputenc)                not set up for use with LaTeX.

See the inputenc package documentation for explanation.
Type  H <return>  for immediate help.
 ...                                              
                                                  
l.26 \begin{definition}[–¥–æ–¥–∞—Ç–Ω–æ
                                      -–≤–∏–∑–Ω–∞—á–µ–Ω–æ–≥–æ —è–¥—Ä–∞]
You may provide a definition with
\DeclareUnicodeCharacter 

Missing character: There is no - in font nullfont!

! Package inputenc Error: Unicode character –≤ (U+432)
(inputenc)                not set up for use with LaTeX.

See the inputenc package documentation for explanation.
Type  H <return>  for immediate help.
 ...                                              
                                                  
l.26 \begin{definition}[–¥–æ–¥–∞—Ç–Ω–æ-–≤
                                         –∏–∑–Ω–∞—á–µ–Ω–æ–≥–æ —è–¥—Ä–∞]
You may provide a definition with
\DeclareUnicodeCharacter 


! Package inputenc Error: Unicode character –∏ (U+438)
(inputenc)                not set up for use with LaTeX.

See the inputenc package documentation for explanation.
Type  H <return>  for immediate help.
 ...                                              
                                                  
l.26 \begin{definition}[–¥–æ–¥–∞—Ç–Ω–æ-–≤–∏
                                           –∑–Ω–∞—á–µ–Ω–æ–≥–æ —è–¥—Ä–∞]
You may provide a definition with
\DeclareUnicodeCharacter 


! Package inputenc Error: Unicode character –∑ (U+437)
(inputenc)                not set up for use with LaTeX.

See the inputenc package documentation for explanation.
Type  H <return>  for immediate help.
 ...                                              
                                                  
l.26 \begin{definition}[–¥–æ–¥–∞—Ç–Ω–æ-–≤–∏–∑
                                             –Ω–∞—á–µ–Ω–æ–≥–æ —è–¥—Ä–∞]
You may provide a definition with
\DeclareUnicodeCharacter 


! Package inputenc Error: Unicode character –Ω (U+43D)
(inputenc)                not set up for use with LaTeX.

See the inputenc package documentation for explanation.
Type  H <return>  for immediate help.
 ...                                              
                                                  
l.26 \begin{definition}[–¥–æ–¥–∞—Ç–Ω–æ-–≤–∏–∑–Ω
                                               –∞—á–µ–Ω–æ–≥–æ —è–¥—Ä–∞]
You may provide a definition with
\DeclareUnicodeCharacter 


! Package inputenc Error: Unicode character –∞ (U+430)
(inputenc)                not set up for use with LaTeX.

See the inputenc package documentation for explanation.
Type  H <return>  for immediate help.
 ...                                              
                                                  
l.26 \begin{definition}[–¥–æ–¥–∞—Ç–Ω–æ-–≤–∏–∑–Ω–∞
                                                 —á–µ–Ω–æ–≥–æ —è–¥—Ä–∞]
You may provide a definition with
\DeclareUnicodeCharacter 


! Package inputenc Error: Unicode character —á (U+447)
(inputenc)                not set up for use with LaTeX.

See the inputenc package documentation for explanation.
Type  H <return>  for immediate help.
 ...                                              
                                                  
l.26 ...in{definition}[–¥–æ–¥–∞—Ç–Ω–æ-–≤–∏–∑–Ω–∞—á
                                                  –µ–Ω–æ–≥–æ —è–¥—Ä–∞]
You may provide a definition with
\DeclareUnicodeCharacter 


! Package inputenc Error: Unicode character –µ (U+435)
(inputenc)                not set up for use with LaTeX.

See the inputenc package documentation for explanation.
Type  H <return>  for immediate help.
 ...                                              
                                                  
l.26 ...{definition}[–¥–æ–¥–∞—Ç–Ω–æ-–≤–∏–∑–Ω–∞—á–µ
                                                  –Ω–æ–≥–æ —è–¥—Ä–∞]
You may provide a definition with
\DeclareUnicodeCharacter 


! Package inputenc Error: Unicode character –Ω (U+43D)
(inputenc)                not set up for use with LaTeX.

See the inputenc package documentation for explanation.
Type  H <return>  for immediate help.
 ...                                              
                                                  
l.26 ...efinition}[–¥–æ–¥–∞—Ç–Ω–æ-–≤–∏–∑–Ω–∞—á–µ–Ω
                                                  –æ–≥–æ —è–¥—Ä–∞]
You may provide a definition with
\DeclareUnicodeCharacter 


! Package inputenc Error: Unicode character –æ (U+43E)
(inputenc)                not set up for use with LaTeX.

See the inputenc package documentation for explanation.
Type  H <return>  for immediate help.
 ...                                              
                                                  
l.26 ...inition}[–¥–æ–¥–∞—Ç–Ω–æ-–≤–∏–∑–Ω–∞—á–µ–Ω–æ
                                                  –≥–æ —è–¥—Ä–∞]
You may provide a definition with
\DeclareUnicodeCharacter 


! Package inputenc Error: Unicode character –≥ (U+433)
(inputenc)                not set up for use with LaTeX.

See the inputenc package documentation for explanation.
Type  H <return>  for immediate help.
 ...                                              
                                                  
l.26 ...ition}[–¥–æ–¥–∞—Ç–Ω–æ-–≤–∏–∑–Ω–∞—á–µ–Ω–æ–≥
                                                  –æ —è–¥—Ä–∞]
You may provide a definition with
\DeclareUnicodeCharacter 


! Package inputenc Error: Unicode character –æ (U+43E)
(inputenc)                not set up for use with LaTeX.

See the inputenc package documentation for explanation.
Type  H <return>  for immediate help.
 ...                                              
                                                  
l.26 ...ion}[–¥–æ–¥–∞—Ç–Ω–æ-–≤–∏–∑–Ω–∞—á–µ–Ω–æ–≥–æ
                                                   —è–¥—Ä–∞]
You may provide a definition with
\DeclareUnicodeCharacter 


! Package inputenc Error: Unicode character —è (U+44F)
(inputenc)                not set up for use with LaTeX.

See the inputenc package documentation for explanation.
Type  H <return>  for immediate help.
 ...                                              
                                                  
l.26 ...}[–¥–æ–¥–∞—Ç–Ω–æ-–≤–∏–∑–Ω–∞—á–µ–Ω–æ–≥–æ —è
                                                  –¥—Ä–∞]
You may provide a definition with
\DeclareUnicodeCharacter 


! Package inputenc Error: Unicode character –¥ (U+434)
(inputenc)                not set up for use with LaTeX.

See the inputenc package documentation for explanation.
Type  H <return>  for immediate help.
 ...                                              
                                                  
l.26 ...–¥–æ–¥–∞—Ç–Ω–æ-–≤–∏–∑–Ω–∞—á–µ–Ω–æ–≥–æ —è–¥
                                                  —Ä–∞]
You may provide a definition with
\DeclareUnicodeCharacter 


! Package inputenc Error: Unicode character —Ä (U+440)
(inputenc)                not set up for use with LaTeX.

See the inputenc package documentation for explanation.
Type  H <return>  for immediate help.
 ...                                              
                                                  
l.26 ...–æ–¥–∞—Ç–Ω–æ-–≤–∏–∑–Ω–∞—á–µ–Ω–æ–≥–æ —è–¥—Ä
                                                  –∞]
You may provide a definition with
\DeclareUnicodeCharacter 


! Package inputenc Error: Unicode character –∞ (U+430)
(inputenc)                not set up for use with LaTeX.

See the inputenc package documentation for explanation.
Type  H <return>  for immediate help.
 ...                                              
                                                  
l.26 ...–¥–∞—Ç–Ω–æ-–≤–∏–∑–Ω–∞—á–µ–Ω–æ–≥–æ —è–¥—Ä–∞
                                                  ]
You may provide a definition with
\DeclareUnicodeCharacter 

Missing character: There is no ] in font nullfont!

! Package inputenc Error: Unicode character –ù (U+41D)
(inputenc)                not set up for use with LaTeX.

See the inputenc package documentation for explanation.
Type  H <return>  for immediate help.
 ...                                              
                                                  
l.27     –ù
           –µ–ø–µ—Ä–µ—Ä–≤–Ω–µ —è–¥—Ä–æ $K(x, y)$ –Ω–∞–∑–∏–≤–∞—î—Ç—å—Å—è \it{...

You may provide a definition with
\DeclareUnicodeCharacter 


! Package inputenc Error: Unicode character –µ (U+435)
(inputenc)                not set up for use with LaTeX.

See the inputenc package documentation for explanation.
Type  H <return>  for immediate help.
 ...                                              
                                                  
l.27     –ù–µ
             –ø–µ—Ä–µ—Ä–≤–Ω–µ —è–¥—Ä–æ $K(x, y)$ –Ω–∞–∑–∏–≤–∞—î—Ç—å—Å—è \it{...

You may provide a definition with
\DeclareUnicodeCharacter 


! Package inputenc Error: Unicode character –ø (U+43F)
(inputenc)                not set up for use with LaTeX.

See the inputenc package documentation for explanation.
Type  H <return>  for immediate help.
 ...                                              
                                                  
l.27     –ù–µ–ø
               –µ—Ä–µ—Ä–≤–Ω–µ —è–¥—Ä–æ $K(x, y)$ –Ω–∞–∑–∏–≤–∞—î—Ç—å—Å—è \it{...

You may provide a definition with
\DeclareUnicodeCharacter 


! Package inputenc Error: Unicode character –µ (U+435)
(inputenc)                not set up for use with LaTeX.

See the inputenc package documentation for explanation.
Type  H <return>  for immediate help.
 ...                                              
                                                  
l.27     –ù–µ–ø–µ
                 —Ä–µ—Ä–≤–Ω–µ —è–¥—Ä–æ $K(x, y)$ –Ω–∞–∑–∏–≤–∞—î—Ç—å—Å—è \it{...

You may provide a definition with
\DeclareUnicodeCharacter 


! Package inputenc Error: Unicode character —Ä (U+440)
(inputenc)                not set up for use with LaTeX.

See the inputenc package documentation for explanation.
Type  H <return>  for immediate help.
 ...                                              
                                                  
l.27     –ù–µ–ø–µ—Ä
                   –µ—Ä–≤–Ω–µ —è–¥—Ä–æ $K(x, y)$ –Ω–∞–∑–∏–≤–∞—î—Ç—å—Å—è \it{...

You may provide a definition with
\DeclareUnicodeCharacter 


! Package inputenc Error: Unicode character –µ (U+435)
(inputenc)                not set up for use with LaTeX.

See the inputenc package documentation for explanation.
Type  H <return>  for immediate help.
 ...                                              
                                                  
l.27     –ù–µ–ø–µ—Ä–µ
                     —Ä–≤–Ω–µ —è–¥—Ä–æ $K(x, y)$ –Ω–∞–∑–∏–≤–∞—î—Ç—å—Å—è \it{...

You may provide a definition with
\DeclareUnicodeCharacter 


! Package inputenc Error: Unicode character —Ä (U+440)
(inputenc)                not set up for use with LaTeX.

See the inputenc package documentation for explanation.
Type  H <return>  for immediate help.
 ...                                              
                                                  
l.27     –ù–µ–ø–µ—Ä–µ—Ä
                       –≤–Ω–µ —è–¥—Ä–æ $K(x, y)$ –Ω–∞–∑–∏–≤–∞—î—Ç—å—Å—è \it{...

You may provide a definition with
\DeclareUnicodeCharacter 


! Package inputenc Error: Unicode character –≤ (U+432)
(inputenc)                not set up for use with LaTeX.

See the inputenc package documentation for explanation.
Type  H <return>  for immediate help.
 ...                                              
                                                  
l.27     –ù–µ–ø–µ—Ä–µ—Ä–≤
                         –Ω–µ —è–¥—Ä–æ $K(x, y)$ –Ω–∞–∑–∏–≤–∞—î—Ç—å—Å—è \it{...

You may provide a definition with
\DeclareUnicodeCharacter 


! Package inputenc Error: Unicode character –Ω (U+43D)
(inputenc)                not set up for use with LaTeX.

See the inputenc package documentation for explanation.
Type  H <return>  for immediate help.
 ...                                              
                                                  
l.27     –ù–µ–ø–µ—Ä–µ—Ä–≤–Ω
                           –µ —è–¥—Ä–æ $K(x, y)$ –Ω–∞–∑–∏–≤–∞—î—Ç—å—Å—è \it{...

You may provide a definition with
\DeclareUnicodeCharacter 


! Package inputenc Error: Unicode character –µ (U+435)
(inputenc)                not set up for use with LaTeX.

See the inputenc package documentation for explanation.
Type  H <return>  for immediate help.
 ...                                              
                                                  
l.27     –ù–µ–ø–µ—Ä–µ—Ä–≤–Ω–µ
                              —è–¥—Ä–æ $K(x, y)$ –Ω–∞–∑–∏–≤–∞—î—Ç—å—Å—è \it{...

You may provide a definition with
\DeclareUnicodeCharacter 


! Package inputenc Error: Unicode character —è (U+44F)
(inputenc)                not set up for use with LaTeX.

See the inputenc package documentation for explanation.
Type  H <return>  for immediate help.
 ...                                              
                                                  
l.27     –ù–µ–ø–µ—Ä–µ—Ä–≤–Ω–µ —è
                                –¥—Ä–æ $K(x, y)$ –Ω–∞–∑–∏–≤–∞—î—Ç—å—Å—è \it{...

You may provide a definition with
\DeclareUnicodeCharacter 


! Package inputenc Error: Unicode character –¥ (U+434)
(inputenc)                not set up for use with LaTeX.

See the inputenc package documentation for explanation.
Type  H <return>  for immediate help.
 ...                                              
                                                  
l.27     –ù–µ–ø–µ—Ä–µ—Ä–≤–Ω–µ —è–¥
                                  —Ä–æ $K(x, y)$ –Ω–∞–∑–∏–≤–∞—î—Ç—å—Å—è \it{...

You may provide a definition with
\DeclareUnicodeCharacter 


! Package inputenc Error: Unicode character —Ä (U+440)
(inputenc)                not set up for use with LaTeX.

See the inputenc package documentation for explanation.
Type  H <return>  for immediate help.
 ...                                              
                                                  
l.27     –ù–µ–ø–µ—Ä–µ—Ä–≤–Ω–µ —è–¥—Ä
                                    –æ $K(x, y)$ –Ω–∞–∑–∏–≤–∞—î—Ç—å—Å—è \it{...

You may provide a definition with
\DeclareUnicodeCharacter 


! Package inputenc Error: Unicode character –æ (U+43E)
(inputenc)                not set up for use with LaTeX.

See the inputenc package documentation for explanation.
Type  H <return>  for immediate help.
 ...                                              
                                                  
l.27     –ù–µ–ø–µ—Ä–µ—Ä–≤–Ω–µ —è–¥—Ä–æ
                                       $K(x, y)$ –Ω–∞–∑–∏–≤–∞—î—Ç—å—Å—è \it{...

You may provide a definition with
\DeclareUnicodeCharacter 

LaTeX Font Info:    External font `cmex10' loaded for size
(Font)              <7> on input line 27.
LaTeX Font Info:    External font `cmex10' loaded for size
(Font)              <5> on input line 27.

! Package inputenc Error: Unicode character –Ω (U+43D)
(inputenc)                not set up for use with LaTeX.

See the inputenc package documentation for explanation.
Type  H <return>  for immediate help.
 ...                                              
                                                  
l.27 ...–ù–µ–ø–µ—Ä–µ—Ä–≤–Ω–µ —è–¥—Ä–æ $K(x, y)$ –Ω
                                                  –∞–∑–∏–≤–∞—î—Ç—å—Å—è \it{–...

You may provide a definition with
\DeclareUnicodeCharacter 


! Package inputenc Error: Unicode character –∞ (U+430)
(inputenc)                not set up for use with LaTeX.

See the inputenc package documentation for explanation.
Type  H <return>  for immediate help.
 ...                                              
                                                  
l.27 ...–µ–ø–µ—Ä–µ—Ä–≤–Ω–µ —è–¥—Ä–æ $K(x, y)$ –Ω–∞
                                                  –∑–∏–≤–∞—î—Ç—å—Å—è \it{–¥–...

You may provide a definition with
\DeclareUnicodeCharacter 


! Package inputenc Error: Unicode character –∑ (U+437)
(inputenc)                not set up for use with LaTeX.

See the inputenc package documentation for explanation.
Type  H <return>  for immediate help.
 ...                                              
                                                  
l.27 ...–ø–µ—Ä–µ—Ä–≤–Ω–µ —è–¥—Ä–æ $K(x, y)$ –Ω–∞–∑
                                                  –∏–≤–∞—î—Ç—å—Å—è \it{–¥–æ–...

You may provide a definition with
\DeclareUnicodeCharacter 


! Package inputenc Error: Unicode character –∏ (U+438)
(inputenc)                not set up for use with LaTeX.

See the inputenc package documentation for explanation.
Type  H <return>  for immediate help.
 ...                                              
                                                  
l.27 ...–µ—Ä–µ—Ä–≤–Ω–µ —è–¥—Ä–æ $K(x, y)$ –Ω–∞–∑–∏
                                                  –≤–∞—î—Ç—å—Å—è \it{–¥–æ–¥–...

You may provide a definition with
\DeclareUnicodeCharacter 


! Package inputenc Error: Unicode character –≤ (U+432)
(inputenc)                not set up for use with LaTeX.

See the inputenc package documentation for explanation.
Type  H <return>  for immediate help.
 ...                                              
                                                  
l.27 ...—Ä–µ—Ä–≤–Ω–µ —è–¥—Ä–æ $K(x, y)$ –Ω–∞–∑–∏–≤
                                                  –∞—î—Ç—å—Å—è \it{–¥–æ–¥–∞—...

You may provide a definition with
\DeclareUnicodeCharacter 


! Package inputenc Error: Unicode character –∞ (U+430)
(inputenc)                not set up for use with LaTeX.

See the inputenc package documentation for explanation.
Type  H <return>  for immediate help.
 ...                                              
                                                  
l.27 ...–µ—Ä–≤–Ω–µ —è–¥—Ä–æ $K(x, y)$ –Ω–∞–∑–∏–≤–∞
                                                  —î—Ç—å—Å—è \it{–¥–æ–¥–∞—Ç–...

You may provide a definition with
\DeclareUnicodeCharacter 


! Package inputenc Error: Unicode character —î (U+454)
(inputenc)                not set up for use with LaTeX.

See the inputenc package documentation for explanation.
Type  H <return>  for immediate help.
 ...                                              
                                                  
l.27 ...—Ä–≤–Ω–µ —è–¥—Ä–æ $K(x, y)$ –Ω–∞–∑–∏–≤–∞—î
                                                  —Ç—å—Å—è \it{–¥–æ–¥–∞—Ç–Ω–...

You may provide a definition with
\DeclareUnicodeCharacter 


! Package inputenc Error: Unicode character —Ç (U+442)
(inputenc)                not set up for use with LaTeX.

See the inputenc package documentation for explanation.
Type  H <return>  for immediate help.
 ...                                              
                                                  
l.27 ...–≤–Ω–µ —è–¥—Ä–æ $K(x, y)$ –Ω–∞–∑–∏–≤–∞—î—Ç
                                                  —å—Å—è \it{–¥–æ–¥–∞—Ç–Ω–æ-...

You may provide a definition with
\DeclareUnicodeCharacter 


! Package inputenc Error: Unicode character —å (U+44C)
(inputenc)                not set up for use with LaTeX.

See the inputenc package documentation for explanation.
Type  H <return>  for immediate help.
 ...                                              
                                                  
l.27 ...–Ω–µ —è–¥—Ä–æ $K(x, y)$ –Ω–∞–∑–∏–≤–∞—î—Ç—å
                                                  —Å—è \it{–¥–æ–¥–∞—Ç–Ω–æ-–≤...

You may provide a definition with
\DeclareUnicodeCharacter 


! Package inputenc Error: Unicode character —Å (U+441)
(inputenc)                not set up for use with LaTeX.

See the inputenc package documentation for explanation.
Type  H <return>  for immediate help.
 ...                                              
                                                  
l.27 ...–µ —è–¥—Ä–æ $K(x, y)$ –Ω–∞–∑–∏–≤–∞—î—Ç—å—Å
                                                  —è \it{–¥–æ–¥–∞—Ç–Ω–æ-–≤–∏...

You may provide a definition with
\DeclareUnicodeCharacter 


! Package inputenc Error: Unicode character —è (U+44F)
(inputenc)                not set up for use with LaTeX.

See the inputenc package documentation for explanation.
Type  H <return>  for immediate help.
 ...                                              
                                                  
l.27 ... —è–¥—Ä–æ $K(x, y)$ –Ω–∞–∑–∏–≤–∞—î—Ç—å—Å—è
                                                   \it{–¥–æ–¥–∞—Ç–Ω–æ-–≤–∏–∑...

You may provide a definition with
\DeclareUnicodeCharacter 

! Undefined control sequence.
l.27 ...¥—Ä–æ $K(x, y)$ –Ω–∞–∑–∏–≤–∞—î—Ç—å—Å—è \it
                                                  {–¥–æ–¥–∞—Ç–Ω–æ-–≤–∏–∑–Ω–∞...
The control sequence at the end of the top line
of your error message was never \def'ed. If you have
misspelled it (e.g., `\hobx'), type `I' and the correct
spelling (e.g., `I\hbox'). Otherwise just continue,
and I'll forget about whatever was undefined.


! Package inputenc Error: Unicode character –¥ (U+434)
(inputenc)                not set up for use with LaTeX.

See the inputenc package documentation for explanation.
Type  H <return>  for immediate help.
 ...                                              
                                                  
l.27 ...–æ $K(x, y)$ –Ω–∞–∑–∏–≤–∞—î—Ç—å—Å—è \it{–¥
                                                  –æ–¥–∞—Ç–Ω–æ-–≤–∏–∑–Ω–∞—á–...

You may provide a definition with
\DeclareUnicodeCharacter 


! Package inputenc Error: Unicode character –æ (U+43E)
(inputenc)                not set up for use with LaTeX.

See the inputenc package documentation for explanation.
Type  H <return>  for immediate help.
 ...                                              
                                                  
l.27 ... $K(x, y)$ –Ω–∞–∑–∏–≤–∞—î—Ç—å—Å—è \it{–¥–æ
                                                  –¥–∞—Ç–Ω–æ-–≤–∏–∑–Ω–∞—á–µ–...

You may provide a definition with
\DeclareUnicodeCharacter 


! Package inputenc Error: Unicode character –¥ (U+434)
(inputenc)                not set up for use with LaTeX.

See the inputenc package documentation for explanation.
Type  H <return>  for immediate help.
 ...                                              
                                                  
l.27 ...K(x, y)$ –Ω–∞–∑–∏–≤–∞—î—Ç—å—Å—è \it{–¥–æ–¥
                                                  –∞—Ç–Ω–æ-–≤–∏–∑–Ω–∞—á–µ–Ω–...

You may provide a definition with
\DeclareUnicodeCharacter 


! Package inputenc Error: Unicode character –∞ (U+430)
(inputenc)                not set up for use with LaTeX.

See the inputenc package documentation for explanation.
Type  H <return>  for immediate help.
 ...                                              
                                                  
l.27 ...x, y)$ –Ω–∞–∑–∏–≤–∞—î—Ç—å—Å—è \it{–¥–æ–¥–∞
                                                  —Ç–Ω–æ-–≤–∏–∑–Ω–∞—á–µ–Ω–∏–...

You may provide a definition with
\DeclareUnicodeCharacter 


! Package inputenc Error: Unicode character —Ç (U+442)
(inputenc)                not set up for use with LaTeX.

See the inputenc package documentation for explanation.
Type  H <return>  for immediate help.
 ...                                              
                                                  
l.27 ... y)$ –Ω–∞–∑–∏–≤–∞—î—Ç—å—Å—è \it{–¥–æ–¥–∞—Ç
                                                  –Ω–æ-–≤–∏–∑–Ω–∞—á–µ–Ω–∏–º}...

You may provide a definition with
\DeclareUnicodeCharacter 


! Package inputenc Error: Unicode character –Ω (U+43D)
(inputenc)                not set up for use with LaTeX.

See the inputenc package documentation for explanation.
Type  H <return>  for immediate help.
 ...                                              
                                                  
l.27 ...)$ –Ω–∞–∑–∏–≤–∞—î—Ç—å—Å—è \it{–¥–æ–¥–∞—Ç–Ω
                                                  –æ-–≤–∏–∑–Ω–∞—á–µ–Ω–∏–º}, ...

You may provide a definition with
\DeclareUnicodeCharacter 


! Package inputenc Error: Unicode character –æ (U+43E)
(inputenc)                not set up for use with LaTeX.

See the inputenc package documentation for explanation.
Type  H <return>  for immediate help.
 ...                                              
                                                  
l.27 ... –Ω–∞–∑–∏–≤–∞—î—Ç—å—Å—è \it{–¥–æ–¥–∞—Ç–Ω–æ
                                                  -–≤–∏–∑–Ω–∞—á–µ–Ω–∏–º}, —è...

You may provide a definition with
\DeclareUnicodeCharacter 

Missing character: There is no - in font nullfont!

! Package inputenc Error: Unicode character –≤ (U+432)
(inputenc)                not set up for use with LaTeX.

See the inputenc package documentation for explanation.
Type  H <return>  for immediate help.
 ...                                              
                                                  
l.27 ...–∞–∑–∏–≤–∞—î—Ç—å—Å—è \it{–¥–æ–¥–∞—Ç–Ω–æ-–≤
                                                  –∏–∑–Ω–∞—á–µ–Ω–∏–º}, —è–∫—...

You may provide a definition with
\DeclareUnicodeCharacter 


! Package inputenc Error: Unicode character –∏ (U+438)
(inputenc)                not set up for use with LaTeX.

See the inputenc package documentation for explanation.
Type  H <return>  for immediate help.
 ...                                              
                                                  
l.27 ...–∑–∏–≤–∞—î—Ç—å—Å—è \it{–¥–æ–¥–∞—Ç–Ω–æ-–≤–∏
                                                  –∑–Ω–∞—á–µ–Ω–∏–º}, —è–∫—â–...

You may provide a definition with
\DeclareUnicodeCharacter 


! Package inputenc Error: Unicode character –∑ (U+437)
(inputenc)                not set up for use with LaTeX.

See the inputenc package documentation for explanation.
Type  H <return>  for immediate help.
 ...                                              
                                                  
l.27 ...–∏–≤–∞—î—Ç—å—Å—è \it{–¥–æ–¥–∞—Ç–Ω–æ-–≤–∏–∑
                                                  –Ω–∞—á–µ–Ω–∏–º}, —è–∫—â–æ ...

You may provide a definition with
\DeclareUnicodeCharacter 


! Package inputenc Error: Unicode character –Ω (U+43D)
(inputenc)                not set up for use with LaTeX.

See the inputenc package documentation for explanation.
Type  H <return>  for immediate help.
 ...                                              
                                                  
l.27 ...–≤–∞—î—Ç—å—Å—è \it{–¥–æ–¥–∞—Ç–Ω–æ-–≤–∏–∑–Ω
                                                  –∞—á–µ–Ω–∏–º}, —è–∫—â–æ $\...

You may provide a definition with
\DeclareUnicodeCharacter 


! Package inputenc Error: Unicode character –∞ (U+430)
(inputenc)                not set up for use with LaTeX.

See the inputenc package documentation for explanation.
Type  H <return>  for immediate help.
 ...                                              
                                                  
l.27 ...–∞—î—Ç—å—Å—è \it{–¥–æ–¥–∞—Ç–Ω–æ-–≤–∏–∑–Ω–∞
                                                  —á–µ–Ω–∏–º}, —è–∫—â–æ $\fo...

You may provide a definition with
\DeclareUnicodeCharacter 


! Package inputenc Error: Unicode character —á (U+447)
(inputenc)                not set up for use with LaTeX.

See the inputenc package documentation for explanation.
Type  H <return>  for immediate help.
 ...                                              
                                                  
l.27 ...—î—Ç—å—Å—è \it{–¥–æ–¥–∞—Ç–Ω–æ-–≤–∏–∑–Ω–∞—á
                                                  –µ–Ω–∏–º}, —è–∫—â–æ $\fora...

You may provide a definition with
\DeclareUnicodeCharacter 


! Package inputenc Error: Unicode character –µ (U+435)
(inputenc)                not set up for use with LaTeX.

See the inputenc package documentation for explanation.
Type  H <return>  for immediate help.
 ...                                              
                                                  
l.27 ...—Ç—å—Å—è \it{–¥–æ–¥–∞—Ç–Ω–æ-–≤–∏–∑–Ω–∞—á–µ
                                                  –Ω–∏–º}, —è–∫—â–æ $\forall...

You may provide a definition with
\DeclareUnicodeCharacter 


! Package inputenc Error: Unicode character –Ω (U+43D)
(inputenc)                not set up for use with LaTeX.

See the inputenc package documentation for explanation.
Type  H <return>  for immediate help.
 ...                                              
                                                  
l.27 ...—å—Å—è \it{–¥–æ–¥–∞—Ç–Ω–æ-–≤–∏–∑–Ω–∞—á–µ–Ω
                                                  –∏–º}, —è–∫—â–æ $\forall f...

You may provide a definition with
\DeclareUnicodeCharacter 


! Package inputenc Error: Unicode character –∏ (U+438)
(inputenc)                not set up for use with LaTeX.

See the inputenc package documentation for explanation.
Type  H <return>  for immediate help.
 ...                                              
                                                  
l.27 ...—Å—è \it{–¥–æ–¥–∞—Ç–Ω–æ-–≤–∏–∑–Ω–∞—á–µ–Ω–∏
                                                  –º}, —è–∫—â–æ $\forall f \...

You may provide a definition with
\DeclareUnicodeCharacter 


! Package inputenc Error: Unicode character –º (U+43C)
(inputenc)                not set up for use with LaTeX.

See the inputenc package documentation for explanation.
Type  H <return>  for immediate help.
 ...                                              
                                                  
l.27 ...—è \it{–¥–æ–¥–∞—Ç–Ω–æ-–≤–∏–∑–Ω–∞—á–µ–Ω–∏–º
                                                  }, —è–∫—â–æ $\forall f \in...

You may provide a definition with
\DeclareUnicodeCharacter 

Missing character: There is no , in font nullfont!

! Package inputenc Error: Unicode character —è (U+44F)
(inputenc)                not set up for use with LaTeX.

See the inputenc package documentation for explanation.
Type  H <return>  for immediate help.
 ...                                              
                                                  
l.27 ...t{–¥–æ–¥–∞—Ç–Ω–æ-–≤–∏–∑–Ω–∞—á–µ–Ω–∏–º}, —è
                                                  –∫—â–æ $\forall f \in L_2(...

You may provide a definition with
\DeclareUnicodeCharacter 


! Package inputenc Error: Unicode character –∫ (U+43A)
(inputenc)                not set up for use with LaTeX.

See the inputenc package documentation for explanation.
Type  H <return>  for immediate help.
 ...                                              
                                                  
l.27 ...–¥–æ–¥–∞—Ç–Ω–æ-–≤–∏–∑–Ω–∞—á–µ–Ω–∏–º}, —è–∫
                                                  —â–æ $\forall f \in L_2(G)...

You may provide a definition with
\DeclareUnicodeCharacter 


! Package inputenc Error: Unicode character —â (U+449)
(inputenc)                not set up for use with LaTeX.

See the inputenc package documentation for explanation.
Type  H <return>  for immediate help.
 ...                                              
                                                  
l.27 ...–æ–¥–∞—Ç–Ω–æ-–≤–∏–∑–Ω–∞—á–µ–Ω–∏–º}, —è–∫—â
                                                  –æ $\forall f \in L_2(G)$:...

You may provide a definition with
\DeclareUnicodeCharacter 


! Package inputenc Error: Unicode character –æ (U+43E)
(inputenc)                not set up for use with LaTeX.

See the inputenc package documentation for explanation.
Type  H <return>  for immediate help.
 ...                                              
                                                  
l.27 ...–¥–∞—Ç–Ω–æ-–≤–∏–∑–Ω–∞—á–µ–Ω–∏–º}, —è–∫—â–æ
                                                   $\forall f \in L_2(G)$: $...

You may provide a definition with
\DeclareUnicodeCharacter 

Missing character: There is no : in font nullfont!
! Undefined control sequence.
l.27 ...º}, —è–∫—â–æ $\forall f \in L_2(G)$: $(\bf
                                                  {K}f, f) \ge 0$, —Ä—Ä–∏—á–...
The control sequence at the end of the top line
of your error message was never \def'ed. If you have
misspelled it (e.g., `\hobx'), type `I' and the correct
spelling (e.g., `I\hbox'). Otherwise just continue,
and I'll forget about whatever was undefined.

Missing character: There is no , in font nullfont!

! Package inputenc Error: Unicode character —Ä (U+440)
(inputenc)                not set up for use with LaTeX.

See the inputenc package documentation for explanation.
Type  H <return>  for immediate help.
 ...                                              
                                                  
l.27 ...ll f \in L_2(G)$: $(\bf{K}f, f) \ge 0$, —Ä
                                                  —Ä–∏—á–æ–º—É $(\bf{K}f, f)...

You may provide a definition with
\DeclareUnicodeCharacter 


! Package inputenc Error: Unicode character —Ä (U+440)
(inputenc)                not set up for use with LaTeX.

See the inputenc package documentation for explanation.
Type  H <return>  for immediate help.
 ...                                              
                                                  
l.27 ... f \in L_2(G)$: $(\bf{K}f, f) \ge 0$, —Ä—Ä
                                                  –∏—á–æ–º—É $(\bf{K}f, f) =...

You may provide a definition with
\DeclareUnicodeCharacter 


! Package inputenc Error: Unicode character –∏ (U+438)
(inputenc)                not set up for use with LaTeX.

See the inputenc package documentation for explanation.
Type  H <return>  for immediate help.
 ...                                              
                                                  
l.27 ... \in L_2(G)$: $(\bf{K}f, f) \ge 0$, —Ä—Ä–∏
                                                  —á–æ–º—É $(\bf{K}f, f) = 0...

You may provide a definition with
\DeclareUnicodeCharacter 


! Package inputenc Error: Unicode character —á (U+447)
(inputenc)                not set up for use with LaTeX.

See the inputenc package documentation for explanation.
Type  H <return>  for immediate help.
 ...                                              
                                                  
l.27 ...in L_2(G)$: $(\bf{K}f, f) \ge 0$, —Ä—Ä–∏—á
                                                  –æ–º—É $(\bf{K}f, f) = 0 \...

You may provide a definition with
\DeclareUnicodeCharacter 


! Package inputenc Error: Unicode character –æ (U+43E)
(inputenc)                not set up for use with LaTeX.

See the inputenc package documentation for explanation.
Type  H <return>  for immediate help.
 ...                                              
                                                  
l.27 ... L_2(G)$: $(\bf{K}f, f) \ge 0$, —Ä—Ä–∏—á–æ
                                                  –º—É $(\bf{K}f, f) = 0 \if...

You may provide a definition with
\DeclareUnicodeCharacter 


! Package inputenc Error: Unicode character –º (U+43C)
(inputenc)                not set up for use with LaTeX.

See the inputenc package documentation for explanation.
Type  H <return>  for immediate help.
 ...                                              
                                                  
l.27 ..._2(G)$: $(\bf{K}f, f) \ge 0$, —Ä—Ä–∏—á–æ–º
                                                  —É $(\bf{K}f, f) = 0 \iff ...
(That makes 100 errors; please try again.) 
Here is how much of TeX's memory you used:
 34 strings out of 492969
 591 string characters out of 3135813
 56692 words of memory out of 3000000
 4006 multiletter control sequences out of 15000+200000
 3640 words of font info for 14 fonts, out of 3000000 for 9000
 1141 hyphenation exceptions out of 8191
 18i,2n,12p,293b,73s stack positions out of 5000i,500n,10000p,200000b,50000s

!  ==> Fatal error occurred, no output PDF file produced!
